<?xml version="1.0" encoding="UTF-8"?>
<testsuite errors="0" failures="0" name="custom formatters" skipped="0" tests="1" time="2.537083">
<testcase classname="custom formatters.custom formatter" name="custom formatter" time="2.537083">
</testcase>
</testsuite>
